This is pdfTeX, Version 3.14159265-2.6-1.40.18 (TeX Live 2017/Debian) (preloaded format=pdflatex 2018.8.22)  28 AUG 2018 01:59
entering extended mode
 restricted \write18 enabled.
 %&-line parsing enabled.
**ip_seminarski.tex
(./ip_seminarski.tex
LaTeX2e <2017-04-15>
Babel <3.18> and hyphenation patterns for 3 language(s) loaded.
(/usr/share/texlive/texmf-dist/tex/latex/base/article.cls
Document Class: article 2014/09/29 v1.4h Standard LaTeX document class
(/usr/share/texlive/texmf-dist/tex/latex/base/size10.clo
File: size10.clo 2014/09/29 v1.4h Standard LaTeX file (size option)
)
\c@part=\count79
\c@section=\count80
\c@subsection=\count81
\c@subsubsection=\count82
\c@paragraph=\count83
\c@subparagraph=\count84
\c@figure=\count85
\c@table=\count86
\abovecaptionskip=\skip41
\belowcaptionskip=\skip42
\bibindent=\dimen102
)
(/usr/share/texlive/texmf-dist/tex/latex/hyperref/hyperref.sty
Package: hyperref 2018/02/06 v6.86b Hypertext links for LaTeX

(/usr/share/texlive/texmf-dist/tex/generic/oberdiek/hobsub-hyperref.sty
Package: hobsub-hyperref 2016/05/16 v1.14 Bundle oberdiek, subset hyperref (HO)


(/usr/share/texlive/texmf-dist/tex/generic/oberdiek/hobsub-generic.sty
Package: hobsub-generic 2016/05/16 v1.14 Bundle oberdiek, subset generic (HO)
Package: hobsub 2016/05/16 v1.14 Construct package bundles (HO)
Package: infwarerr 2016/05/16 v1.4 Providing info/warning/error messages (HO)
Package: ltxcmds 2016/05/16 v1.23 LaTeX kernel commands for general use (HO)
Package: ifluatex 2016/05/16 v1.4 Provides the ifluatex switch (HO)
Package ifluatex Info: LuaTeX not detected.
Package: ifvtex 2016/05/16 v1.6 Detect VTeX and its facilities (HO)
Package ifvtex Info: VTeX not detected.
Package: intcalc 2016/05/16 v1.2 Expandable calculations with integers (HO)
Package: ifpdf 2017/03/15 v3.2 Provides the ifpdf switch
Package: etexcmds 2016/05/16 v1.6 Avoid name clashes with e-TeX commands (HO)
Package etexcmds Info: Could not find \expanded.
(etexcmds)             That can mean that you are not using pdfTeX 1.50 or
(etexcmds)             that some package has redefined \expanded.
(etexcmds)             In the latter case, load this package earlier.
Package: kvsetkeys 2016/05/16 v1.17 Key value parser (HO)
Package: kvdefinekeys 2016/05/16 v1.4 Define keys (HO)
Package: pdftexcmds 2018/01/21 v0.26 Utility functions of pdfTeX for LuaTeX (HO
)
Package pdftexcmds Info: LuaTeX not detected.
Package pdftexcmds Info: \pdf@primitive is available.
Package pdftexcmds Info: \pdf@ifprimitive is available.
Package pdftexcmds Info: \pdfdraftmode found.
Package: pdfescape 2016/05/16 v1.14 Implements pdfTeX's escape features (HO)
Package: bigintcalc 2016/05/16 v1.4 Expandable calculations on big integers (HO
)
Package: bitset 2016/05/16 v1.2 Handle bit-vector datatype (HO)
Package: uniquecounter 2016/05/16 v1.3 Provide unlimited unique counter (HO)
)
Package hobsub Info: Skipping package `hobsub' (already loaded).
Package: letltxmacro 2016/05/16 v1.5 Let assignment for LaTeX macros (HO)
Package: hopatch 2016/05/16 v1.3 Wrapper for package hooks (HO)
Package: xcolor-patch 2016/05/16 xcolor patch
Package: atveryend 2016/05/16 v1.9 Hooks at the very end of document (HO)
Package atveryend Info: \enddocument detected (standard20110627).
Package: atbegshi 2016/06/09 v1.18 At begin shipout hook (HO)
Package: refcount 2016/05/16 v3.5 Data extraction from label references (HO)
Package: hycolor 2016/05/16 v1.8 Color options for hyperref/bookmark (HO)
)
(/usr/share/texlive/texmf-dist/tex/latex/graphics/keyval.sty
Package: keyval 2014/10/28 v1.15 key=value parser (DPC)
\KV@toks@=\toks14
)
(/usr/share/texlive/texmf-dist/tex/generic/ifxetex/ifxetex.sty
Package: ifxetex 2010/09/12 v0.6 Provides ifxetex conditional
)
(/usr/share/texlive/texmf-dist/tex/latex/oberdiek/auxhook.sty
Package: auxhook 2016/05/16 v1.4 Hooks for auxiliary files (HO)
)
(/usr/share/texlive/texmf-dist/tex/latex/oberdiek/kvoptions.sty
Package: kvoptions 2016/05/16 v3.12 Key value format for package options (HO)
)
\@linkdim=\dimen103
\Hy@linkcounter=\count87
\Hy@pagecounter=\count88

(/usr/share/texlive/texmf-dist/tex/latex/hyperref/pd1enc.def
File: pd1enc.def 2018/02/06 v6.86b Hyperref: PDFDocEncoding definition (HO)
)
\Hy@SavedSpaceFactor=\count89

(/usr/share/texlive/texmf-dist/tex/latex/latexconfig/hyperref.cfg
File: hyperref.cfg 2002/06/06 v1.2 hyperref configuration of TeXLive
)
Package hyperref Info: Hyper figures OFF on input line 4509.
Package hyperref Info: Link nesting OFF on input line 4514.
Package hyperref Info: Hyper index ON on input line 4517.
Package hyperref Info: Plain pages OFF on input line 4524.
Package hyperref Info: Backreferencing OFF on input line 4529.
Package hyperref Info: Implicit mode ON; LaTeX internals redefined.
Package hyperref Info: Bookmarks ON on input line 4762.
\c@Hy@tempcnt=\count90

(/usr/share/texlive/texmf-dist/tex/latex/url/url.sty
\Urlmuskip=\muskip10
Package: url 2013/09/16  ver 3.4  Verb mode for urls, etc.
)
LaTeX Info: Redefining \url on input line 5115.
\XeTeXLinkMargin=\dimen104
\Fld@menulength=\count91
\Field@Width=\dimen105
\Fld@charsize=\dimen106
Package hyperref Info: Hyper figures OFF on input line 6369.
Package hyperref Info: Link nesting OFF on input line 6374.
Package hyperref Info: Hyper index ON on input line 6377.
Package hyperref Info: backreferencing OFF on input line 6384.
Package hyperref Info: Link coloring OFF on input line 6389.
Package hyperref Info: Link coloring with OCG OFF on input line 6394.
Package hyperref Info: PDF/A mode OFF on input line 6399.
LaTeX Info: Redefining \ref on input line 6439.
LaTeX Info: Redefining \pageref on input line 6443.
\Hy@abspage=\count92
\c@Item=\count93
\c@Hfootnote=\count94
)
Package hyperref Info: Driver (autodetected): hpdftex.

(/usr/share/texlive/texmf-dist/tex/latex/hyperref/hpdftex.def
File: hpdftex.def 2018/02/06 v6.86b Hyperref driver for pdfTeX
\Fld@listcount=\count95
\c@bookmark@seq@number=\count96

(/usr/share/texlive/texmf-dist/tex/latex/oberdiek/rerunfilecheck.sty
Package: rerunfilecheck 2016/05/16 v1.8 Rerun checks for auxiliary files (HO)
Package uniquecounter Info: New unique counter `rerunfilecheck' on input line 2
82.
)
\Hy@SectionHShift=\skip43
)
(/usr/share/texlive/texmf-dist/tex/latex/graphics/graphicx.sty
Package: graphicx 2017/06/01 v1.1a Enhanced LaTeX Graphics (DPC,SPQR)

(/usr/share/texlive/texmf-dist/tex/latex/graphics/graphics.sty
Package: graphics 2017/06/25 v1.2c Standard LaTeX Graphics (DPC,SPQR)

(/usr/share/texlive/texmf-dist/tex/latex/graphics/trig.sty
Package: trig 2016/01/03 v1.10 sin cos tan (DPC)
)
(/usr/share/texlive/texmf-dist/tex/latex/graphics-cfg/graphics.cfg
File: graphics.cfg 2016/06/04 v1.11 sample graphics configuration
)
Package graphics Info: Driver file: pdftex.def on input line 99.

(/usr/share/texlive/texmf-dist/tex/latex/graphics-def/pdftex.def
File: pdftex.def 2018/01/08 v1.0l Graphics/color driver for pdftex
))
\Gin@req@height=\dimen107
\Gin@req@width=\dimen108
)
(./ip_seminarski.aux)
\openout1 = `ip_seminarski.aux'.

LaTeX Font Info:    Checking defaults for OML/cmm/m/it on input line 9.
LaTeX Font Info:    ... okay on input line 9.
LaTeX Font Info:    Checking defaults for T1/cmr/m/n on input line 9.
LaTeX Font Info:    ... okay on input line 9.
LaTeX Font Info:    Checking defaults for OT1/cmr/m/n on input line 9.
LaTeX Font Info:    ... okay on input line 9.
LaTeX Font Info:    Checking defaults for OMS/cmsy/m/n on input line 9.
LaTeX Font Info:    ... okay on input line 9.
LaTeX Font Info:    Checking defaults for OMX/cmex/m/n on input line 9.
LaTeX Font Info:    ... okay on input line 9.
LaTeX Font Info:    Checking defaults for U/cmr/m/n on input line 9.
LaTeX Font Info:    ... okay on input line 9.
LaTeX Font Info:    Checking defaults for PD1/pdf/m/n on input line 9.
LaTeX Font Info:    ... okay on input line 9.
\AtBeginShipoutBox=\box26
Package hyperref Info: Link coloring OFF on input line 9.

(/usr/share/texlive/texmf-dist/tex/latex/hyperref/nameref.sty
Package: nameref 2016/05/21 v2.44 Cross-referencing by name of section

(/usr/share/texlive/texmf-dist/tex/generic/oberdiek/gettitlestring.sty
Package: gettitlestring 2016/05/16 v1.5 Cleanup title references (HO)
)
\c@section@level=\count97
)
LaTeX Info: Redefining \ref on input line 9.
LaTeX Info: Redefining \pageref on input line 9.
LaTeX Info: Redefining \nameref on input line 9.

(./ip_seminarski.out) (./ip_seminarski.out)
\@outlinefile=\write3
\openout3 = `ip_seminarski.out'.


(/usr/share/texlive/texmf-dist/tex/context/base/mkii/supp-pdf.mkii
[Loading MPS to PDF converter (version 2006.09.02).]
\scratchcounter=\count98
\scratchdimen=\dimen109
\scratchbox=\box27
\nofMPsegments=\count99
\nofMParguments=\count100
\everyMPshowfont=\toks15
\MPscratchCnt=\count101
\MPscratchDim=\dimen110
\MPnumerator=\count102
\makeMPintoPDFobject=\count103
\everyMPtoPDFconversion=\toks16
) (/usr/share/texlive/texmf-dist/tex/latex/oberdiek/epstopdf-base.sty
Package: epstopdf-base 2016/05/15 v2.6 Base part for package epstopdf

(/usr/share/texlive/texmf-dist/tex/latex/oberdiek/grfext.sty
Package: grfext 2016/05/16 v1.2 Manage graphics extensions (HO)
)
Package epstopdf-base Info: Redefining graphics rule for `.eps' on input line 4
38.
Package grfext Info: Graphics extension search list:
(grfext)             [.pdf,.png,.jpg,.mps,.jpeg,.jbig2,.jb2,.PDF,.PNG,.JPG,.JPE
G,.JBIG2,.JB2,.eps]
(grfext)             \AppendGraphicsExtensions on input line 456.

(/usr/share/texlive/texmf-dist/tex/latex/latexconfig/epstopdf-sys.cfg
File: epstopdf-sys.cfg 2010/07/13 v1.3 Configuration of (r)epstopdf for TeX Liv
e
))
LaTeX Font Info:    External font `cmex10' loaded for size
(Font)              <12> on input line 11.
LaTeX Font Info:    External font `cmex10' loaded for size
(Font)              <8> on input line 11.
LaTeX Font Info:    External font `cmex10' loaded for size
(Font)              <6> on input line 11.
LaTeX Font Info:    External font `cmex10' loaded for size
(Font)              <7> on input line 23.
LaTeX Font Info:    External font `cmex10' loaded for size
(Font)              <5> on input line 23.

Overfull \hbox (26.98965pt too wide) in paragraph at lines 23--36
[][] 
 []


Overfull \hbox (93.84627pt too wide) in paragraph at lines 39--55
[][]
 []


Underfull \hbox (badness 10000) in paragraph at lines 39--55

 []

[1

{/var/lib/texmf/fonts/map/pdftex/updmap/pdftex.map}]
Overfull \hbox (57.89517pt too wide) in paragraph at lines 59--73
[][] 
 []

<slika1.PNG, id=45, 551.661pt x 290.88675pt>
File: slika1.PNG Graphic file (type png)
<use slika1.PNG>
Package pdftex.def Info: slika1.PNG  used on input line 80.
(pdftex.def)             Requested size: 345.0pt x 181.91473pt.
<slika2.PNG, id=47, 804.606pt x 387.24675pt>
File: slika2.PNG Graphic file (type png)
<use slika2.PNG>
Package pdftex.def Info: slika2.PNG  used on input line 87.
(pdftex.def)             Requested size: 345.00392pt x 213.39998pt.
[2 <./slika1.PNG>]
<slika3.PNG, id=55, 804.606pt x 387.849pt>
File: slika3.PNG Graphic file (type png)
<use slika3.PNG>
Package pdftex.def Info: slika3.PNG  used on input line 92.
(pdftex.def)             Requested size: 345.00392pt x 213.39453pt.
<slika4.PNG, id=56, 805.8105pt x 387.24675pt>
File: slika4.PNG Graphic file (type png)
<use slika4.PNG>
Package pdftex.def Info: slika4.PNG  used on input line 97.
(pdftex.def)             Requested size: 345.00398pt x 213.39998pt.
 [3 <./slika2.PNG> <./slika3.PNG>]
<slika5.PNG, id=63, 807.015pt x 388.45125pt>
File: slika5.PNG Graphic file (type png)
<use slika5.PNG>
Package pdftex.def Info: slika5.PNG  used on input line 102.
(pdftex.def)             Requested size: 345.0025pt x 199.17441pt.
 [4 <./slika4.PNG> <./slika5.PNG>]
<vizuelizacija1.PNG, id=70, 806.41275pt x 387.849pt>
File: vizuelizacija1.PNG Graphic file (type png)
<use vizuelizacija1.PNG>
Package pdftex.def Info: vizuelizacija1.PNG  used on input line 117.
(pdftex.def)             Requested size: 344.99113pt x 213.39453pt.
<vizuelizacija2_dst.PNG, id=71, 808.82175pt x 384.2355pt>
File: vizuelizacija2_dst.PNG Graphic file (type png)
<use vizuelizacija2_dst.PNG>
Package pdftex.def Info: vizuelizacija2_dst.PNG  used on input line 125.
(pdftex.def)             Requested size: 344.99736pt x 213.39394pt.
 [5 <./vizuelizacija1.PNG>]
<vizuelizacija3_src.PNG, id=77, 807.015pt x 389.0535pt>
File: vizuelizacija3_src.PNG Graphic file (type png)
<use vizuelizacija3_src.PNG>
Package pdftex.def Info: vizuelizacija3_src.PNG  used on input line 133.
(pdftex.def)             Requested size: 345.0025pt x 199.16858pt.
 [6 <./vizuelizacija2_dst.PNG> <./vizuelizacija3_src.PNG>]
<vizuelizacija4_nova.PNG, id=84, 423.38174pt x 293.898pt>
File: vizuelizacija4_nova.PNG Graphic file (type png)
<use vizuelizacija4_nova.PNG>
Package pdftex.def Info: vizuelizacija4_nova.PNG  used on input line 141.
(pdftex.def)             Requested size: 345.00462pt x 256.09279pt.
<v5_1.PNG, id=85, 195.73125pt x 398.08725pt>
File: v5_1.PNG Graphic file (type png)
<use v5_1.PNG>
Package pdftex.def Info: v5_1.PNG  used on input line 148.
(pdftex.def)             Requested size: 125.91267pt x 256.0748pt.
<v5_2.PNG, id=86, 186.6975pt x 369.7815pt>
File: v5_2.PNG Graphic file (type png)
<use v5_2.PNG>
Package pdftex.def Info: v5_2.PNG  used on input line 149.
(pdftex.def)             Requested size: 129.29715pt x 256.0748pt.
 [7 <./vizuelizacija4_nova.PNG>]
<vizuelizacija6.PNG, id=93, 408.92775pt x 284.86424pt>
File: vizuelizacija6.PNG Graphic file (type png)
<use vizuelizacija6.PNG>
Package pdftex.def Info: vizuelizacija6.PNG  used on input line 157.
(pdftex.def)             Requested size: 345.01321pt x 213.39554pt.
 [8 <./v5_1.PNG> <./v5_2.PNG>]
<PP1.PNG, id=100, 555.87675pt x 189.1065pt>
File: PP1.PNG Graphic file (type png)
<use PP1.PNG>
Package pdftex.def Info: PP1.PNG  used on input line 168.
(pdftex.def)             Requested size: 345.0pt x 117.366pt.

[9 <./vizuelizacija6.PNG> <./PP1.PNG>]
<PP2.PNG, id=107, 336.0555pt x 330.033pt>
File: PP2.PNG Graphic file (type png)
<use PP2.PNG>
Package pdftex.def Info: PP2.PNG  used on input line 175.
(pdftex.def)             Requested size: 252.041pt x 247.52412pt.
<PP3novo.PNG, id=108, 360.74776pt x 256.5585pt>
File: PP3novo.PNG Graphic file (type png)
<use PP3novo.PNG>
Package pdftex.def Info: PP3novo.PNG  used on input line 182.
(pdftex.def)             Requested size: 288.59857pt x 205.24707pt.
 [10 <./PP2.PNG> <./PP3novo.PNG>]
<PP4.PNG, id=115, 264.38776pt x 37.94176pt>
File: PP4.PNG Graphic file (type png)
<use PP4.PNG>
Package pdftex.def Info: PP4.PNG  used on input line 191.
(pdftex.def)             Requested size: 345.0pt x 49.5124pt.
<PP5.PNG, id=116, 332.442pt x 62.03175pt>
File: PP5.PNG Graphic file (type png)
<use PP5.PNG>
Package pdftex.def Info: PP5.PNG  used on input line 198.
(pdftex.def)             Requested size: 345.0pt x 64.37518pt.

[11 <./PP4.PNG> <./PP5.PNG>]
<Klaster1.PNG, id=123, 483.60675pt x 224.037pt>
File: Klaster1.PNG Graphic file (type png)
<use Klaster1.PNG>
Package pdftex.def Info: Klaster1.PNG  used on input line 209.
(pdftex.def)             Requested size: 345.0pt x 159.82628pt.
<Klaster3.PNG, id=124, 476.37975pt x 379.4175pt>
File: Klaster3.PNG Graphic file (type png)
<use Klaster3.PNG>
Package pdftex.def Info: Klaster3.PNG  used on input line 216.
(pdftex.def)             Requested size: 344.99937pt x 184.94357pt.
<Klaster4.PNG, id=125, 805.8105pt x 413.74574pt>
File: Klaster4.PNG Graphic file (type png)
<use Klaster4.PNG>
Package pdftex.def Info: Klaster4.PNG  used on input line 221.
(pdftex.def)             Requested size: 345.0pt x 177.1433pt.
 [12 <./Klaster1.PNG> <./Klaster3.PNG>]
<Klaster2.PNG, id=132, 800.9925pt x 416.757pt>
File: Klaster2.PNG Graphic file (type png)
<use Klaster2.PNG>
Package pdftex.def Info: Klaster2.PNG  used on input line 228.
(pdftex.def)             Requested size: 345.0pt x 179.50725pt.
 [13 <./Klaster4.PNG> <./Klaster2.PNG>]
<Klaster5.PNG, id=141, 477.58424pt x 379.4175pt>
File: Klaster5.PNG Graphic file (type png)
<use Klaster5.PNG>
Package pdftex.def Info: Klaster5.PNG  used on input line 236.
(pdftex.def)             Requested size: 345.01178pt x 227.6233pt.
<Klaster6.PNG, id=142, 808.82175pt x 416.15475pt>
File: Klaster6.PNG Graphic file (type png)
<use Klaster6.PNG>
Package pdftex.def Info: Klaster6.PNG  used on input line 241.
(pdftex.def)             Requested size: 344.99736pt x 170.7198pt.
<Klaster7.PNG, id=143, 808.82175pt x 416.757pt>
File: Klaster7.PNG Graphic file (type png)
<use Klaster7.PNG>
Package pdftex.def Info: Klaster7.PNG  used on input line 249.
(pdftex.def)             Requested size: 345.0pt x 177.76483pt.
 [14 <./Klaster5.PNG> <./Klaster6.PNG>]
<Klas1.PNG, id=150, 480.5955pt x 229.45724pt>
File: Klas1.PNG Graphic file (type png)
<use Klas1.PNG>
Package pdftex.def Info: Klas1.PNG  used on input line 261.
(pdftex.def)             Requested size: 344.9945pt x 99.5855pt.
<Klas2_DO1.PNG, id=151, 506.49225pt x 185.493pt>
File: Klas2_DO1.PNG Graphic file (type png)
<use Klas2_DO1.PNG>
Package pdftex.def Info: Klas2_DO1.PNG  used on input line 268.
(pdftex.def)             Requested size: 405.19435pt x 148.39459pt.

Overfull \hbox (60.19435pt too wide) in paragraph at lines 268--269
 [] 
 []

[15 <./Klaster7.PNG> <./Klas1.PNG>]
<Klas3_DO2.PNG, id=158, 335.45325pt x 433.01775pt>
File: Klas3_DO2.PNG Graphic file (type png)
<use Klas3_DO2.PNG>
Package pdftex.def Info: Klas3_DO2.PNG  used on input line 275.
(pdftex.def)             Requested size: 251.5893pt x 324.7625pt.
 [16 <./Klas2_DO1.PNG> <./Klas3_DO2.PNG>]
<DO1.PNG, id=165, 381.22424pt x 435.42674pt>
File: DO1.PNG Graphic file (type png)
<use DO1.PNG>
Package pdftex.def Info: DO1.PNG  used on input line 282.
(pdftex.def)             Requested size: 170.71748pt x 256.08232pt.
<DO2.PNG, id=166, 389.65575pt x 432.4155pt>
File: DO2.PNG Graphic file (type png)
<use DO2.PNG>
Package pdftex.def Info: DO2.PNG  used on input line 283.
(pdftex.def)             Requested size: 170.71773pt x 256.07306pt.
<DO3.PNG, id=167, 340.8735pt x 433.01775pt>
File: DO3.PNG Graphic file (type png)
<use DO3.PNG>
Package pdftex.def Info: DO3.PNG  used on input line 284.
(pdftex.def)             Requested size: 170.72238pt x 256.07951pt.

[17 <./DO1.PNG> <./DO2.PNG> <./DO3.PNG>]
<PnaTrening.PNG, id=175, 505.28775pt x 124.66576pt>
File: PnaTrening.PNG Graphic file (type png)
<use PnaTrening.PNG>
Package pdftex.def Info: PnaTrening.PNG  used on input line 291.
(pdftex.def)             Requested size: 345.0pt x 85.11969pt.
<PnaTest.PNG, id=176, 506.49225pt x 121.6545pt>
File: PnaTest.PNG Graphic file (type png)
<use PnaTest.PNG>
Package pdftex.def Info: PnaTest.PNG  used on input line 296.
(pdftex.def)             Requested size: 345.0pt x 82.86874pt.
<PoslePnaTest.PNG, id=177, 311.9655pt x 174.05025pt>
File: PoslePnaTest.PNG Graphic file (type png)
<use PoslePnaTest.PNG>
Package pdftex.def Info: PoslePnaTest.PNG  used on input line 303.
(pdftex.def)             Requested size: 155.98236pt x 87.0249pt.

Underfull \hbox (badness 10000) in paragraph at lines 307--310

 []

[18 <./PnaTrening.PNG> <./PnaTest.PNG> <./PoslePnaTest.PNG>]
<KNN1.PNG, id=185, 517.33275pt x 146.34676pt>
File: KNN1.PNG Graphic file (type png)
<use KNN1.PNG>
Package pdftex.def Info: KNN1.PNG  used on input line 312.
(pdftex.def)             Requested size: 345.00868pt x 128.03969pt.
<KNN2.PNG, id=186, 221.628pt x 140.9265pt>
File: KNN2.PNG Graphic file (type png)
<use KNN2.PNG>
Package pdftex.def Info: KNN2.PNG  used on input line 319.
(pdftex.def)             Requested size: 177.30263pt x 112.74133pt.
 [19 <./KNN1.PNG> <./KNN2.PNG>]
<NB1.PNG, id=194, 507.0945pt x 146.949pt>
File: NB1.PNG Graphic file (type png)
<use NB1.PNG>
Package pdftex.def Info: NB1.PNG  used on input line 326.
(pdftex.def)             Requested size: 345.0pt x 99.98228pt.
<NB2.PNG, id=195, 335.45325pt x 240.29774pt>
File: NB2.PNG Graphic file (type png)
<use NB2.PNG>
Package pdftex.def Info: NB2.PNG  used on input line 333.
(pdftex.def)             Requested size: 167.7262pt x 120.14857pt.
<RPROP1.PNG, id=196, 505.28775pt x 172.2435pt>
File: RPROP1.PNG Graphic file (type png)
<use RPROP1.PNG>
Package pdftex.def Info: RPROP1.PNG  used on input line 340.
(pdftex.def)             Requested size: 345.00206pt x 170.72395pt.
 [20 <./NB1.PNG> <./NB2.PNG>]
<RPROP2.PNG, id=203, 335.45325pt x 286.671pt>
File: RPROP2.PNG Graphic file (type png)
<use RPROP2.PNG>
Package pdftex.def Info: RPROP2.PNG  used on input line 347.
(pdftex.def)             Requested size: 167.7262pt x 143.33514pt.

Underfull \hbox (badness 10000) in paragraph at lines 351--352

 []


Underfull \hbox (badness 10000) in paragraph at lines 351--352

 []

<Finale.PNG, id=204, 169.23225pt x 109.6095pt>
File: Finale.PNG Graphic file (type png)
<use Finale.PNG>
Package pdftex.def Info: Finale.PNG  used on input line 356.
(pdftex.def)             Requested size: 126.92387pt x 82.2069pt.
[21 <./RPROP1.PNG> <./RPROP2.PNG>]
Overfull \hbox (21.27858pt too wide) in paragraph at lines 360--361
[]\OT1/cmr/m/n/10 Najbolju pre-ciznost do-bi-jamo u al-go-rit-mima KNN, RProp M
LP, drvo odlu^^Tcivanja,
 []

Package atveryend Info: Empty hook `BeforeClearDocument' on input line 362.
[22 <./Finale.PNG>]
Package atveryend Info: Empty hook `AfterLastShipout' on input line 362.
 (./ip_seminarski.aux)
Package atveryend Info: Executing hook `AtVeryEndDocument' on input line 362.
Package atveryend Info: Executing hook `AtEndAfterFileList' on input line 362.
Package rerunfilecheck Info: File `ip_seminarski.out' has not changed.
(rerunfilecheck)             Checksum: FC0CA6C9C80ADE70A807746C96A26B16;378.
Package atveryend Info: Empty hook `AtVeryVeryEnd' on input line 362.
 ) 
Here is how much of TeX's memory you used:
 5264 strings out of 494923
 78014 string characters out of 6180742
 153345 words of memory out of 5000000
 8491 multiletter control sequences out of 15000+600000
 7886 words of font info for 28 fonts, out of 8000000 for 9000
 14 hyphenation exceptions out of 8191
 28i,7n,28p,1000b,434s stack positions out of 5000i,500n,10000p,200000b,80000s
</usr/share/texlive/texmf-dist/fonts/type1/public/amsfonts/cm/cmbx12.pfb></us
r/share/texlive/texmf-dist/fonts/type1/public/amsfonts/cm/cmmi10.pfb></usr/shar
e/texlive/texmf-dist/fonts/type1/public/amsfonts/cm/cmr10.pfb></usr/share/texli
ve/texmf-dist/fonts/type1/public/amsfonts/cm/cmr12.pfb></usr/share/texlive/texm
f-dist/fonts/type1/public/amsfonts/cm/cmr17.pfb></usr/share/texlive/texmf-dist/
fonts/type1/public/amsfonts/cm/cmr8.pfb></usr/share/texlive/texmf-dist/fonts/ty
pe1/public/amsfonts/cm/cmr9.pfb>
Output written on ip_seminarski.pdf (22 pages, 921747 bytes).
PDF statistics:
 250 PDF objects out of 1000 (max. 8388607)
 137 compressed objects within 2 object streams
 33 named destinations out of 1000 (max. 500000)
 257 words of extra memory for PDF output out of 10000 (max. 10000000)

